Connecting to database specified by database.yml
Connecting to database specified by database.yml
Connecting to database specified by database.yml
Connecting to database specified by database.yml
Connecting to database specified by database.yml
Connecting to database specified by database.yml
Connecting to database specified by database.yml
Connecting to database specified by database.yml
Connecting to database specified by database.yml
Connecting to database specified by database.yml
Connecting to database specified by database.yml
Connecting to database specified by database.yml
  [1m[36m (0.1ms)[0m  [1mselect sqlite_version(*)[0m
  [1m[35m (1.0ms)[0m  CREATE TABLE "schema_migrations" ("version" varchar(255) NOT NULL) 
  [1m[36m (0.8ms)[0m  [1mCREATE UNIQUE INDEX "unique_schema_migrations" ON "schema_migrations" ("version")[0m
  [1m[35m (0.1ms)[0m  SELECT "schema_migrations"."version" FROM "schema_migrations" 
Migrating to DeviseCreateUsers (20131212144336)
  [1m[36m (0.0ms)[0m  [1mbegin transaction[0m
  [1m[35m (0.4ms)[0m  CREATE TABLE "users" ("id" INTEGER PRIMARY KEY AUTOINCREMENT NOT NULL, "email" varchar(255) DEFAULT '' NOT NULL, "encrypted_password" varchar(255) DEFAULT '' NOT NULL, "reset_password_token" varchar(255), "reset_password_sent_at" datetime, "remember_created_at" datetime, "sign_in_count" integer DEFAULT 0 NOT NULL, "current_sign_in_at" datetime, "last_sign_in_at" datetime, "current_sign_in_ip" varchar(255), "last_sign_in_ip" varchar(255), "created_at" datetime NOT NULL, "updated_at" datetime NOT NULL) 
  [1m[36m (1.4ms)[0m  [1mCREATE UNIQUE INDEX "index_users_on_email" ON "users" ("email")[0m
  [1m[35m (0.2ms)[0m  CREATE UNIQUE INDEX "index_users_on_reset_password_token" ON "users" ("reset_password_token")
  [1m[36m (0.1ms)[0m  [1mINSERT INTO "schema_migrations" ("version") VALUES ('20131212144336')[0m
  [1m[35m (0.8ms)[0m  commit transaction
Migrating to AddNameToUsers (20131212144338)
  [1m[36m (0.0ms)[0m  [1mbegin transaction[0m
  [1m[35m (0.5ms)[0m  ALTER TABLE "users" ADD "name" varchar(255)
  [1m[36m (0.1ms)[0m  [1mINSERT INTO "schema_migrations" ("version") VALUES ('20131212144338')[0m
  [1m[35m (0.8ms)[0m  commit transaction
Migrating to RolifyCreateRoles (20131212144345)
  [1m[36m (0.0ms)[0m  [1mbegin transaction[0m
  [1m[35m (0.3ms)[0m  CREATE TABLE "roles" ("id" INTEGER PRIMARY KEY AUTOINCREMENT NOT NULL, "name" varchar(255), "resource_id" integer, "resource_type" varchar(255), "created_at" datetime NOT NULL, "updated_at" datetime NOT NULL) 
  [1m[36m (0.1ms)[0m  [1mCREATE TABLE "users_roles" ("user_id" integer, "role_id" integer) [0m
  [1m[35m (0.1ms)[0m  CREATE INDEX "index_roles_on_name" ON "roles" ("name")
  [1m[36m (0.1ms)[0m  [1mCREATE INDEX "index_roles_on_name_and_resource_type_and_resource_id" ON "roles" ("name", "resource_type", "resource_id")[0m
  [1m[35m (0.1ms)[0m  CREATE INDEX "index_users_roles_on_user_id_and_role_id" ON "users_roles" ("user_id", "role_id")
  [1m[36m (0.1ms)[0m  [1mINSERT INTO "schema_migrations" ("version") VALUES ('20131212144345')[0m
  [1m[35m (0.6ms)[0m  commit transaction
  [1m[36m (0.1ms)[0m  [1mSELECT "schema_migrations"."version" FROM "schema_migrations" [0m
Connecting to database specified by database.yml
  [1m[36m (0.1ms)[0m  [1mSELECT "schema_migrations"."version" FROM "schema_migrations" [0m
  [1m[35m (0.4ms)[0m  select sqlite_version(*)
  [1m[36m (0.9ms)[0m  [1mCREATE TABLE "roles" ("id" INTEGER PRIMARY KEY AUTOINCREMENT NOT NULL, "name" varchar(255), "resource_id" integer, "resource_type" varchar(255), "created_at" datetime NOT NULL, "updated_at" datetime NOT NULL) [0m
  [1m[35m (0.9ms)[0m  CREATE INDEX "index_roles_on_name_and_resource_type_and_resource_id" ON "roles" ("name", "resource_type", "resource_id")
  [1m[36m (0.8ms)[0m  [1mCREATE INDEX "index_roles_on_name" ON "roles" ("name")[0m
  [1m[35m (0.9ms)[0m  CREATE TABLE "users" ("id" INTEGER PRIMARY KEY AUTOINCREMENT NOT NULL, "email" varchar(255) DEFAULT '' NOT NULL, "encrypted_password" varchar(255) DEFAULT '' NOT NULL, "reset_password_token" varchar(255), "reset_password_sent_at" datetime, "remember_created_at" datetime, "sign_in_count" integer DEFAULT 0 NOT NULL, "current_sign_in_at" datetime, "last_sign_in_at" datetime, "current_sign_in_ip" varchar(255), "last_sign_in_ip" varchar(255), "created_at" datetime NOT NULL, "updated_at" datetime NOT NULL, "name" varchar(255)) 
  [1m[36m (0.8ms)[0m  [1mCREATE UNIQUE INDEX "index_users_on_email" ON "users" ("email")[0m
  [1m[35m (0.8ms)[0m  CREATE UNIQUE INDEX "index_users_on_reset_password_token" ON "users" ("reset_password_token")
  [1m[36m (0.8ms)[0m  [1mCREATE TABLE "users_roles" ("user_id" integer, "role_id" integer) [0m
  [1m[35m (0.7ms)[0m  CREATE INDEX "index_users_roles_on_user_id_and_role_id" ON "users_roles" ("user_id", "role_id")
  [1m[36m (0.9ms)[0m  [1mCREATE TABLE "schema_migrations" ("version" varchar(255) NOT NULL) [0m
  [1m[35m (0.7ms)[0m  CREATE UNIQUE INDEX "unique_schema_migrations" ON "schema_migrations" ("version")
  [1m[36m (0.1ms)[0m  [1mSELECT version FROM "schema_migrations"[0m
  [1m[35m (0.6ms)[0m  INSERT INTO "schema_migrations" (version) VALUES ('20131212144345')
  [1m[36m (0.7ms)[0m  [1mINSERT INTO "schema_migrations" (version) VALUES ('20131212144336')[0m
  [1m[35m (0.8ms)[0m  INSERT INTO "schema_migrations" (version) VALUES ('20131212144338')
Connecting to database specified by database.yml
  [1m[36m (0.1ms)[0m  [1mSELECT "schema_migrations"."version" FROM "schema_migrations" [0m
  [1m[35mRole Load (0.2ms)[0m  SELECT "roles".* FROM "roles" WHERE "roles"."name" = 'admin' LIMIT 1
  [1m[36m (0.2ms)[0m  [1mbegin transaction[0m
  [1m[35mSQL (4.8ms)[0m  INSERT INTO "roles" ("created_at", "name", "resource_id", "resource_type", "updated_at") VALUES (?, ?, ?, ?, ?)  [["created_at", Thu, 12 Dec 2013 14:44:29 UTC +00:00], ["name", "admin"], ["resource_id", nil], ["resource_type", nil], ["updated_at", Thu, 12 Dec 2013 14:44:29 UTC +00:00]]
  [1m[36m (0.7ms)[0m  [1mcommit transaction[0m
  [1m[35mRole Load (0.2ms)[0m  SELECT "roles".* FROM "roles" WHERE "roles"."name" = 'user' LIMIT 1
  [1m[36m (0.1ms)[0m  [1mbegin transaction[0m
  [1m[35mSQL (0.7ms)[0m  INSERT INTO "roles" ("created_at", "name", "resource_id", "resource_type", "updated_at") VALUES (?, ?, ?, ?, ?)  [["created_at", Thu, 12 Dec 2013 14:44:29 UTC +00:00], ["name", "user"], ["resource_id", nil], ["resource_type", nil], ["updated_at", Thu, 12 Dec 2013 14:44:29 UTC +00:00]]
  [1m[36m (0.6ms)[0m  [1mcommit transaction[0m
  [1m[35mRole Load (0.2ms)[0m  SELECT "roles".* FROM "roles" WHERE "roles"."name" = 'VIP' LIMIT 1
  [1m[36m (0.0ms)[0m  [1mbegin transaction[0m
  [1m[35mSQL (0.4ms)[0m  INSERT INTO "roles" ("created_at", "name", "resource_id", "resource_type", "updated_at") VALUES (?, ?, ?, ?, ?)  [["created_at", Thu, 12 Dec 2013 14:44:29 UTC +00:00], ["name", "VIP"], ["resource_id", nil], ["resource_type", nil], ["updated_at", Thu, 12 Dec 2013 14:44:29 UTC +00:00]]
  [1m[36m (0.7ms)[0m  [1mcommit transaction[0m
  [1m[35mUser Load (0.1ms)[0m  SELECT "users".* FROM "users" WHERE "users"."email" = 'user@example.com' LIMIT 1
  [1m[36m (0.1ms)[0m  [1mbegin transaction[0m
  [1m[35mUser Exists (0.5ms)[0m  SELECT 1 AS one FROM "users" WHERE "users"."email" = 'user@example.com' LIMIT 1
Binary data inserted for `string` type on column `encrypted_password`
  [1m[36mSQL (1.1ms)[0m  [1mINSERT INTO "users" ("created_at", "current_sign_in_at", "current_sign_in_ip", "email", "encrypted_password", "last_sign_in_at", "last_sign_in_ip", "name", "remember_created_at", "reset_password_sent_at", "reset_password_token", "sign_in_count", "updated_at") VALUES (?, ?, ?, ?, ?, ?, ?, ?, ?, ?, ?, ?, ?)[0m  [["created_at", Thu, 12 Dec 2013 14:44:29 UTC +00:00], ["current_sign_in_at", nil], ["current_sign_in_ip", nil], ["email", "user@example.com"], ["encrypted_password", "$2a$10$o.G9DbC/ks8hxCSvoyWmkek/tGIumxZO8A2v5vzOImtf3gOMe9ihi"], ["last_sign_in_at", nil], ["last_sign_in_ip", nil], ["name", "First User"], ["remember_created_at", nil], ["reset_password_sent_at", nil], ["reset_password_token", nil], ["sign_in_count", 0], ["updated_at", Thu, 12 Dec 2013 14:44:29 UTC +00:00]]
  [1m[35m (0.6ms)[0m  commit transaction
  [1m[36mRole Load (0.3ms)[0m  [1mSELECT "roles".* FROM "roles" WHERE "roles"."name" = 'admin' AND "roles"."resource_type" IS NULL AND "roles"."resource_id" IS NULL LIMIT 1[0m
  [1m[35mRole Exists (0.1ms)[0m  SELECT 1 AS one FROM "roles" INNER JOIN "users_roles" ON "roles"."id" = "users_roles"."role_id" WHERE "users_roles"."user_id" = 1 AND "roles"."id" = 1 LIMIT 1
  [1m[36m (0.2ms)[0m  [1mSELECT "roles".id FROM "roles" INNER JOIN "users_roles" ON "roles"."id" = "users_roles"."role_id" WHERE "users_roles"."user_id" = 1[0m
  [1m[35mRole Load (0.2ms)[0m  SELECT "roles".* FROM "roles" WHERE "roles"."id" = ? LIMIT 1  [["id", 1]]
  [1m[36mRole Load (0.2ms)[0m  [1mSELECT "roles".* FROM "roles" INNER JOIN "users_roles" ON "roles"."id" = "users_roles"."role_id" WHERE "users_roles"."user_id" = 1[0m
  [1m[35m (0.1ms)[0m  begin transaction
  [1m[36m (0.4ms)[0m  [1mINSERT INTO "users_roles" ("user_id", "role_id") VALUES (1, 1)[0m
  [1m[35m (0.8ms)[0m  commit transaction
Connecting to database specified by database.yml


Started GET "/" for 127.0.0.1 at 2013-12-12 11:44:46 -0300
Processing by HomeController#index as HTML
  [1m[36mUser Load (0.1ms)[0m  [1mSELECT "users".* FROM "users" [0m
  Rendered home/index.html.erb within layouts/application (2.9ms)
Compiled framework_and_overrides.css  (3157ms)  (pid 31942)
Compiled home.css  (4ms)  (pid 31942)
Compiled application.css  (3326ms)  (pid 31942)
Compiled jquery.js  (4ms)  (pid 31942)
Compiled jquery_ujs.js  (0ms)  (pid 31942)
Compiled bootstrap-transition.js  (0ms)  (pid 31942)
Compiled bootstrap-affix.js  (0ms)  (pid 31942)
Compiled bootstrap-alert.js  (0ms)  (pid 31942)
Compiled bootstrap-button.js  (0ms)  (pid 31942)
Compiled bootstrap-carousel.js  (0ms)  (pid 31942)
Compiled bootstrap-collapse.js  (0ms)  (pid 31942)
Compiled bootstrap-dropdown.js  (0ms)  (pid 31942)
Compiled bootstrap-modal.js  (0ms)  (pid 31942)
Compiled bootstrap-scrollspy.js  (0ms)  (pid 31942)
Compiled bootstrap-tab.js  (0ms)  (pid 31942)
Compiled bootstrap-tooltip.js  (0ms)  (pid 31942)
Compiled bootstrap-popover.js  (0ms)  (pid 31942)
Compiled bootstrap-typeahead.js  (0ms)  (pid 31942)
Compiled bootstrap.js  (808ms)  (pid 31942)
Compiled home.js  (84ms)  (pid 31942)
Compiled application.js  (1212ms)  (pid 31942)
  Rendered layouts/_navigation_links.html.erb (1.6ms)
  Rendered layouts/_navigation.html.erb (3.8ms)
  Rendered layouts/_messages.html.erb (0.5ms)
Completed 200 OK in 4887ms (Views: 4819.3ms | ActiveRecord: 1.9ms)


Started GET "/users/sign_up" for 127.0.0.1 at 2013-12-12 11:44:55 -0300
Processing by Devise::RegistrationsController#new as HTML
  Rendered devise/shared/_links.html.erb (1.8ms)
  Rendered devise/registrations/new.html.erb within layouts/application (53.0ms)
  Rendered layouts/_navigation_links.html.erb (0.7ms)
  Rendered layouts/_navigation.html.erb (1.4ms)
  Rendered layouts/_messages.html.erb (0.0ms)
Completed 200 OK in 150ms (Views: 149.1ms | ActiveRecord: 0.0ms)


Started POST "/users" for 127.0.0.1 at 2013-12-12 11:45:10 -0300
Processing by Devise::RegistrationsController#create as HTML
  Parameters: {"utf8"=>"✓", "authenticity_token"=>"jYfOgs41+1eMuddp5BTMWmlUc3DJTvQ8slKlSbJJe7E=", "user"=>{"name"=>"Matias Hoyl", "email"=>"matiashoyl@gmail.com", "password"=>"[FILTERED]", "password_confirmation"=>"[FILTERED]"}, "commit"=>"Sign up"}
  [1m[35m (0.1ms)[0m  begin transaction
  [1m[36mUser Exists (0.2ms)[0m  [1mSELECT 1 AS one FROM "users" WHERE "users"."email" = 'matiashoyl@gmail.com' LIMIT 1[0m
Binary data inserted for `string` type on column `encrypted_password`
  [1m[35mSQL (2.1ms)[0m  INSERT INTO "users" ("created_at", "current_sign_in_at", "current_sign_in_ip", "email", "encrypted_password", "last_sign_in_at", "last_sign_in_ip", "name", "remember_created_at", "reset_password_sent_at", "reset_password_token", "sign_in_count", "updated_at") VALUES (?, ?, ?, ?, ?, ?, ?, ?, ?, ?, ?, ?, ?)  [["created_at", Thu, 12 Dec 2013 14:45:10 UTC +00:00], ["current_sign_in_at", nil], ["current_sign_in_ip", nil], ["email", "matiashoyl@gmail.com"], ["encrypted_password", "$2a$10$XKVt0cg0WgSZ6LO4KDx.uORWfNCAx2NQ8cR7CDWXBFJK/dWJEjWHe"], ["last_sign_in_at", nil], ["last_sign_in_ip", nil], ["name", "Matias Hoyl"], ["remember_created_at", nil], ["reset_password_sent_at", nil], ["reset_password_token", nil], ["sign_in_count", 0], ["updated_at", Thu, 12 Dec 2013 14:45:10 UTC +00:00]]
  [1m[36m (2.1ms)[0m  [1mcommit transaction[0m
  [1m[35m (0.1ms)[0m  begin transaction
  [1m[36m (0.3ms)[0m  [1mUPDATE "users" SET "last_sign_in_at" = '2013-12-12 14:45:10.864045', "current_sign_in_at" = '2013-12-12 14:45:10.864045', "last_sign_in_ip" = '127.0.0.1', "current_sign_in_ip" = '127.0.0.1', "sign_in_count" = 1, "updated_at" = '2013-12-12 14:45:10.864967' WHERE "users"."id" = 2[0m
  [1m[35m (0.7ms)[0m  commit transaction
Redirected to http://localhost:3000/
Completed 302 Found in 149ms (ActiveRecord: 0.0ms)


Started GET "/" for 127.0.0.1 at 2013-12-12 11:45:10 -0300
  [1m[36mUser Load (0.3ms)[0m  [1mSELECT "users".* FROM "users" WHERE "users"."id" = 2 LIMIT 1[0m
Processing by HomeController#index as HTML
  [1m[35mUser Load (0.1ms)[0m  SELECT "users".* FROM "users" 
  Rendered home/index.html.erb within layouts/application (1.4ms)
  [1m[36m (0.1ms)[0m  [1mSELECT COUNT(*) FROM "roles" INNER JOIN "users_roles" ON "roles"."id" = "users_roles"."role_id" WHERE "users_roles"."user_id" = 2 AND (((roles.name = 'admin') AND (roles.resource_type IS NULL) AND (roles.resource_id IS NULL)))[0m
  Rendered layouts/_navigation_links.html.erb (62.4ms)
  Rendered layouts/_navigation.html.erb (63.2ms)
  Rendered layouts/_messages.html.erb (0.2ms)
Completed 200 OK in 90ms (Views: 89.0ms | ActiveRecord: 0.7ms)


Started GET "/users/edit" for 127.0.0.1 at 2013-12-12 11:45:16 -0300
Processing by Devise::RegistrationsController#edit as HTML
  [1m[35mUser Load (0.2ms)[0m  SELECT "users".* FROM "users" WHERE "users"."id" = 2 LIMIT 1
  Rendered devise/registrations/edit.html.erb within layouts/application (10.2ms)
  [1m[36m (0.2ms)[0m  [1mSELECT COUNT(*) FROM "roles" INNER JOIN "users_roles" ON "roles"."id" = "users_roles"."role_id" WHERE "users_roles"."user_id" = 2 AND (((roles.name = 'admin') AND (roles.resource_type IS NULL) AND (roles.resource_id IS NULL)))[0m
  Rendered layouts/_navigation_links.html.erb (2.8ms)
  Rendered layouts/_navigation.html.erb (3.6ms)
  Rendered layouts/_messages.html.erb (0.1ms)
Completed 200 OK in 41ms (Views: 39.3ms | ActiveRecord: 0.4ms)


Started DELETE "/users/sign_out" for 127.0.0.1 at 2013-12-12 11:45:21 -0300
Processing by Devise::SessionsController#destroy as HTML
  Parameters: {"authenticity_token"=>"jYfOgs41+1eMuddp5BTMWmlUc3DJTvQ8slKlSbJJe7E="}
  [1m[35mUser Load (0.2ms)[0m  SELECT "users".* FROM "users" WHERE "users"."id" = 2 LIMIT 1
  [1m[36m (0.1ms)[0m  [1mbegin transaction[0m
  [1m[35m (0.1ms)[0m  commit transaction
Redirected to http://localhost:3000/
Completed 302 Found in 8ms (ActiveRecord: 0.3ms)


Started GET "/" for 127.0.0.1 at 2013-12-12 11:45:21 -0300
Processing by HomeController#index as HTML
  [1m[36mUser Load (0.2ms)[0m  [1mSELECT "users".* FROM "users" [0m
  Rendered home/index.html.erb within layouts/application (0.8ms)
  Rendered layouts/_navigation_links.html.erb (0.6ms)
  Rendered layouts/_navigation.html.erb (1.4ms)
  Rendered layouts/_messages.html.erb (0.1ms)
Completed 200 OK in 28ms (Views: 26.5ms | ActiveRecord: 0.2ms)


Started GET "/users/sign_up" for 127.0.0.1 at 2013-12-12 11:45:23 -0300
Processing by Devise::RegistrationsController#new as HTML
  Rendered devise/shared/_links.html.erb (0.4ms)
  Rendered devise/registrations/new.html.erb within layouts/application (8.9ms)
  Rendered layouts/_navigation_links.html.erb (0.7ms)
  Rendered layouts/_navigation.html.erb (1.5ms)
  Rendered layouts/_messages.html.erb (0.0ms)
Completed 200 OK in 37ms (Views: 36.3ms | ActiveRecord: 0.0ms)


Started GET "/users/sign_in" for 127.0.0.1 at 2013-12-12 11:45:26 -0300
Processing by Devise::SessionsController#new as HTML
  Rendered devise/shared/_links.html.erb (1.1ms)
  Rendered devise/sessions/new.html.erb within layouts/application (14.7ms)
  Rendered layouts/_navigation_links.html.erb (2.1ms)
  Rendered layouts/_navigation.html.erb (3.4ms)
  Rendered layouts/_messages.html.erb (0.1ms)
Completed 200 OK in 53ms (Views: 50.2ms | ActiveRecord: 0.0ms)


Started POST "/users/sign_in" for 127.0.0.1 at 2013-12-12 11:46:09 -0300
Processing by Devise::SessionsController#create as HTML
  Parameters: {"utf8"=>"✓", "authenticity_token"=>"34PbUnxAloC3VW9uFJi44R2IDRP9r9FYdm5aTEoKJMY=", "user"=>{"email"=>"user@example.com", "password"=>"[FILTERED]", "remember_me"=>"0"}, "commit"=>"Sign in"}
  [1m[35mUser Load (0.2ms)[0m  SELECT "users".* FROM "users" WHERE "users"."email" = 'user@example.com' LIMIT 1
  [1m[36m (0.1ms)[0m  [1mbegin transaction[0m
  [1m[35m (0.3ms)[0m  UPDATE "users" SET "last_sign_in_at" = '2013-12-12 14:46:09.707994', "current_sign_in_at" = '2013-12-12 14:46:09.707994', "last_sign_in_ip" = '127.0.0.1', "current_sign_in_ip" = '127.0.0.1', "sign_in_count" = 1, "updated_at" = '2013-12-12 14:46:09.708603' WHERE "users"."id" = 1
  [1m[36m (2.4ms)[0m  [1mcommit transaction[0m
Redirected to http://localhost:3000/
Completed 302 Found in 89ms (ActiveRecord: 0.0ms)


Started GET "/" for 127.0.0.1 at 2013-12-12 11:46:09 -0300
  [1m[35mUser Load (0.2ms)[0m  SELECT "users".* FROM "users" WHERE "users"."id" = 1 LIMIT 1
Processing by HomeController#index as HTML
  [1m[36mUser Load (0.1ms)[0m  [1mSELECT "users".* FROM "users" [0m
  Rendered home/index.html.erb within layouts/application (0.8ms)
  [1m[35m (0.2ms)[0m  SELECT COUNT(*) FROM "roles" INNER JOIN "users_roles" ON "roles"."id" = "users_roles"."role_id" WHERE "users_roles"."user_id" = 1 AND (((roles.name = 'admin') AND (roles.resource_type IS NULL) AND (roles.resource_id IS NULL)))
  Rendered layouts/_navigation_links.html.erb (2.8ms)
  Rendered layouts/_navigation.html.erb (3.5ms)
  Rendered layouts/_messages.html.erb (0.1ms)
Completed 200 OK in 29ms (Views: 28.1ms | ActiveRecord: 0.3ms)


Started GET "/users" for 127.0.0.1 at 2013-12-12 11:46:26 -0300
Processing by UsersController#index as HTML
  [1m[36mUser Load (0.2ms)[0m  [1mSELECT "users".* FROM "users" WHERE "users"."id" = 1 LIMIT 1[0m
  [1m[35m (0.2ms)[0m  SELECT COUNT(*) FROM "roles" INNER JOIN "users_roles" ON "roles"."id" = "users_roles"."role_id" WHERE "users_roles"."user_id" = 1 AND (((roles.name = 'admin') AND (roles.resource_type IS NULL) AND (roles.resource_id IS NULL)))
  [1m[36mUser Load (0.1ms)[0m  [1mSELECT "users".* FROM "users" [0m
  [1m[35mRole Load (0.2ms)[0m  SELECT "roles".* FROM "roles" INNER JOIN "users_roles" ON "roles"."id" = "users_roles"."role_id" WHERE "users_roles"."user_id" = 1 LIMIT 1
  [1m[36mCACHE (0.0ms)[0m  [1mSELECT "roles".* FROM "roles" INNER JOIN "users_roles" ON "roles"."id" = "users_roles"."role_id" WHERE "users_roles"."user_id" = 1 LIMIT 1[0m
  [1m[35mRole Load (0.2ms)[0m  SELECT "roles".* FROM "roles" 
  [1m[36m (0.1ms)[0m  [1mSELECT "roles".id FROM "roles" INNER JOIN "users_roles" ON "roles"."id" = "users_roles"."role_id" WHERE "users_roles"."user_id" = 1[0m
  Rendered users/_user.html.erb (7.2ms)
  [1m[35mRole Load (0.1ms)[0m  SELECT "roles".* FROM "roles" INNER JOIN "users_roles" ON "roles"."id" = "users_roles"."role_id" WHERE "users_roles"."user_id" = 2 LIMIT 1
  [1m[36mCACHE (0.0ms)[0m  [1mSELECT "roles".* FROM "roles" [0m
  [1m[35m (0.1ms)[0m  SELECT "roles".id FROM "roles" INNER JOIN "users_roles" ON "roles"."id" = "users_roles"."role_id" WHERE "users_roles"."user_id" = 2
  [1m[36mCACHE (0.1ms)[0m  [1mSELECT "roles".id FROM "roles" INNER JOIN "users_roles" ON "roles"."id" = "users_roles"."role_id" WHERE "users_roles"."user_id" = 2[0m
  [1m[35mCACHE (0.0ms)[0m  SELECT "roles".id FROM "roles" INNER JOIN "users_roles" ON "roles"."id" = "users_roles"."role_id" WHERE "users_roles"."user_id" = 2
  [1m[36mCACHE (0.0ms)[0m  [1mSELECT "roles".id FROM "roles" INNER JOIN "users_roles" ON "roles"."id" = "users_roles"."role_id" WHERE "users_roles"."user_id" = 2[0m
  Rendered users/_user.html.erb (8.8ms)
  Rendered users/index.html.erb within layouts/application (33.0ms)
  [1m[35mCACHE (0.0ms)[0m  SELECT COUNT(*) FROM "roles" INNER JOIN "users_roles" ON "roles"."id" = "users_roles"."role_id" WHERE "users_roles"."user_id" = 1 AND (((roles.name = 'admin') AND (roles.resource_type IS NULL) AND (roles.resource_id IS NULL)))
  Rendered layouts/_navigation_links.html.erb (3.2ms)
  Rendered layouts/_navigation.html.erb (4.2ms)
  Rendered layouts/_messages.html.erb (0.1ms)
Completed 200 OK in 81ms (Views: 73.5ms | ActiveRecord: 1.4ms)


Started PUT "/users/2" for 127.0.0.1 at 2013-12-12 11:46:40 -0300
Processing by UsersController#update as HTML
  Parameters: {"utf8"=>"✓", "authenticity_token"=>"W4wy5ihbti2ZsdkvM2x1Az53Kqx5Bwn7Dj3PgbuZgn0=", "user"=>{"role_ids"=>"1"}, "commit"=>"Change Role", "id"=>"2"}
  [1m[36mUser Load (0.2ms)[0m  [1mSELECT "users".* FROM "users" WHERE "users"."id" = 1 LIMIT 1[0m
  [1m[35m (0.2ms)[0m  SELECT COUNT(*) FROM "roles" INNER JOIN "users_roles" ON "roles"."id" = "users_roles"."role_id" WHERE "users_roles"."user_id" = 1 AND (((roles.name = 'admin') AND (roles.resource_type IS NULL) AND (roles.resource_id IS NULL)))
  [1m[36mUser Load (0.2ms)[0m  [1mSELECT "users".* FROM "users" WHERE "users"."id" = ? LIMIT 1[0m  [["id", "2"]]
  [1m[35m (0.0ms)[0m  begin transaction
  [1m[36mRole Load (0.2ms)[0m  [1mSELECT "roles".* FROM "roles" WHERE "roles"."id" = ? LIMIT 1[0m  [["id", 1]]
  [1m[35mRole Load (0.1ms)[0m  SELECT "roles".* FROM "roles" INNER JOIN "users_roles" ON "roles"."id" = "users_roles"."role_id" WHERE "users_roles"."user_id" = 2
  [1m[36m (0.2ms)[0m  [1mINSERT INTO "users_roles" ("user_id", "role_id") VALUES (2, 1)[0m
  [1m[35m (2.5ms)[0m  commit transaction
Redirected to http://localhost:3000/users
Completed 302 Found in 11ms (ActiveRecord: 3.6ms)


Started GET "/users" for 127.0.0.1 at 2013-12-12 11:46:40 -0300
Processing by UsersController#index as HTML
  [1m[36mUser Load (0.2ms)[0m  [1mSELECT "users".* FROM "users" WHERE "users"."id" = 1 LIMIT 1[0m
  [1m[35m (0.1ms)[0m  SELECT COUNT(*) FROM "roles" INNER JOIN "users_roles" ON "roles"."id" = "users_roles"."role_id" WHERE "users_roles"."user_id" = 1 AND (((roles.name = 'admin') AND (roles.resource_type IS NULL) AND (roles.resource_id IS NULL)))
  [1m[36mUser Load (0.1ms)[0m  [1mSELECT "users".* FROM "users" [0m
  [1m[35mRole Load (0.2ms)[0m  SELECT "roles".* FROM "roles" INNER JOIN "users_roles" ON "roles"."id" = "users_roles"."role_id" WHERE "users_roles"."user_id" = 1 LIMIT 1
  [1m[36mCACHE (0.0ms)[0m  [1mSELECT "roles".* FROM "roles" INNER JOIN "users_roles" ON "roles"."id" = "users_roles"."role_id" WHERE "users_roles"."user_id" = 1 LIMIT 1[0m
  [1m[35mRole Load (0.1ms)[0m  SELECT "roles".* FROM "roles" 
  [1m[36m (0.1ms)[0m  [1mSELECT "roles".id FROM "roles" INNER JOIN "users_roles" ON "roles"."id" = "users_roles"."role_id" WHERE "users_roles"."user_id" = 1[0m
  Rendered users/_user.html.erb (44.1ms)
  [1m[35mRole Load (0.2ms)[0m  SELECT "roles".* FROM "roles" INNER JOIN "users_roles" ON "roles"."id" = "users_roles"."role_id" WHERE "users_roles"."user_id" = 2 LIMIT 1
  [1m[36mCACHE (0.0ms)[0m  [1mSELECT "roles".* FROM "roles" INNER JOIN "users_roles" ON "roles"."id" = "users_roles"."role_id" WHERE "users_roles"."user_id" = 2 LIMIT 1[0m
  [1m[35mCACHE (0.0ms)[0m  SELECT "roles".* FROM "roles" 
  [1m[36m (0.1ms)[0m  [1mSELECT "roles".id FROM "roles" INNER JOIN "users_roles" ON "roles"."id" = "users_roles"."role_id" WHERE "users_roles"."user_id" = 2[0m
  Rendered users/_user.html.erb (4.2ms)
  Rendered users/index.html.erb within layouts/application (55.3ms)
  [1m[35mCACHE (0.0ms)[0m  SELECT COUNT(*) FROM "roles" INNER JOIN "users_roles" ON "roles"."id" = "users_roles"."role_id" WHERE "users_roles"."user_id" = 1 AND (((roles.name = 'admin') AND (roles.resource_type IS NULL) AND (roles.resource_id IS NULL)))
  Rendered layouts/_navigation_links.html.erb (2.3ms)
  Rendered layouts/_navigation.html.erb (3.1ms)
  Rendered layouts/_messages.html.erb (0.1ms)
Completed 200 OK in 88ms (Views: 83.1ms | ActiveRecord: 1.1ms)


Started GET "/" for 127.0.0.1 at 2013-12-12 12:37:16 -0300
  [1m[36mUser Load (0.3ms)[0m  [1mSELECT "users".* FROM "users" WHERE "users"."id" = 1 LIMIT 1[0m
Processing by HomeController#index as HTML
  [1m[35mUser Load (0.2ms)[0m  SELECT "users".* FROM "users" 
  Rendered home/index.html.erb within layouts/application (1.9ms)
  [1m[36m (0.5ms)[0m  [1mSELECT COUNT(*) FROM "roles" INNER JOIN "users_roles" ON "roles"."id" = "users_roles"."role_id" WHERE "users_roles"."user_id" = 1 AND (((roles.name = 'admin') AND (roles.resource_type IS NULL) AND (roles.resource_id IS NULL)))[0m
  Rendered layouts/_navigation_links.html.erb (4.1ms)
  Rendered layouts/_navigation.html.erb (5.6ms)
  Rendered layouts/_messages.html.erb (0.1ms)
Completed 200 OK in 40ms (Views: 38.6ms | ActiveRecord: 0.7ms)
