Connecting to database specified by database.yml
Compiled jquery.js  (3ms)  (pid 6207)
Compiled jquery_ujs.js  (0ms)  (pid 6207)
Compiled bootstrap-transition.js  (0ms)  (pid 6207)
Compiled bootstrap-affix.js  (0ms)  (pid 6207)
Compiled bootstrap-alert.js  (0ms)  (pid 6207)
Compiled bootstrap-button.js  (0ms)  (pid 6207)
Compiled bootstrap-carousel.js  (0ms)  (pid 6207)
Compiled bootstrap-collapse.js  (0ms)  (pid 6207)
Compiled bootstrap-dropdown.js  (0ms)  (pid 6207)
Compiled bootstrap-modal.js  (0ms)  (pid 6207)
Compiled bootstrap-scrollspy.js  (0ms)  (pid 6207)
Compiled bootstrap-tab.js  (0ms)  (pid 6207)
Compiled bootstrap-tooltip.js  (0ms)  (pid 6207)
Compiled bootstrap-popover.js  (0ms)  (pid 6207)
Compiled bootstrap-typeahead.js  (33ms)  (pid 6207)
Compiled bootstrap.js  (99ms)  (pid 6207)
Compiled cursos.js  (68ms)  (pid 6207)
Compiled home.js  (74ms)  (pid 6207)
Compiled application.js  (274ms)  (pid 6207)
Compiled cursos.css  (1ms)  (pid 6207)
Compiled framework_and_overrides.css  (1822ms)  (pid 6207)
Compiled home.css  (2ms)  (pid 6207)
Compiled scaffolds.css  (8ms)  (pid 6207)
Compiled application.css  (1863ms)  (pid 6207)
Connecting to database specified by database.yml
Compiled jquery.js  (5ms)  (pid 6207)
Compiled jquery_ujs.js  (0ms)  (pid 6207)
Compiled bootstrap-transition.js  (0ms)  (pid 6207)
Compiled bootstrap-affix.js  (0ms)  (pid 6207)
Compiled bootstrap-alert.js  (0ms)  (pid 6207)
Compiled bootstrap-button.js  (0ms)  (pid 6207)
Compiled bootstrap-carousel.js  (0ms)  (pid 6207)
Compiled bootstrap-collapse.js  (0ms)  (pid 6207)
Compiled bootstrap-dropdown.js  (0ms)  (pid 6207)
Compiled bootstrap-modal.js  (0ms)  (pid 6207)
Compiled bootstrap-scrollspy.js  (0ms)  (pid 6207)
Compiled bootstrap-tab.js  (0ms)  (pid 6207)
Compiled bootstrap-tooltip.js  (0ms)  (pid 6207)
Compiled bootstrap-popover.js  (0ms)  (pid 6207)
Compiled bootstrap-typeahead.js  (0ms)  (pid 6207)
Compiled bootstrap.js  (89ms)  (pid 6207)
Compiled cursos.js  (61ms)  (pid 6207)
Compiled home.js  (65ms)  (pid 6207)
Compiled application.js  (249ms)  (pid 6207)
Compiled cursos.css  (1ms)  (pid 6207)
Compiled framework_and_overrides.css  (1756ms)  (pid 6207)
Compiled home.css  (1ms)  (pid 6207)
Compiled scaffolds.css  (28ms)  (pid 6207)
Compiled application.css  (1813ms)  (pid 6207)
Connecting to database specified by database.yml
Connecting to database specified by database.yml
Compiled bootstrap-transition.js  (0ms)  (pid 45491)
Compiled bootstrap-affix.js  (0ms)  (pid 45491)
Compiled bootstrap-alert.js  (0ms)  (pid 45491)
Compiled bootstrap-button.js  (0ms)  (pid 45491)
Compiled bootstrap-carousel.js  (0ms)  (pid 45491)
Compiled bootstrap-collapse.js  (0ms)  (pid 45491)
Compiled bootstrap-dropdown.js  (0ms)  (pid 45491)
Compiled bootstrap-modal.js  (0ms)  (pid 45491)
Compiled bootstrap-scrollspy.js  (0ms)  (pid 45491)
Compiled bootstrap-tab.js  (0ms)  (pid 45491)
Compiled bootstrap-tooltip.js  (0ms)  (pid 45491)
Compiled bootstrap-popover.js  (0ms)  (pid 45491)
Compiled bootstrap-typeahead.js  (0ms)  (pid 45491)
Compiled bootstrap.js  (64ms)  (pid 45491)
Compiled jquery.js  (4ms)  (pid 45491)
Compiled jquery_ujs.js  (0ms)  (pid 45491)
Compiled cursos.js  (71ms)  (pid 45491)
Compiled home.js  (62ms)  (pid 45491)
Compiled application.js  (259ms)  (pid 45491)
Compiled cursos.css  (1ms)  (pid 45491)
Compiled framework_and_overrides.css  (1852ms)  (pid 45491)
Compiled home.css  (3ms)  (pid 45491)
Compiled scaffolds.css  (7ms)  (pid 45491)
Compiled application.css  (1890ms)  (pid 45491)
Connecting to database specified by database.yml
Compiled bootstrap-transition.js  (0ms)  (pid 45491)
Compiled bootstrap-affix.js  (0ms)  (pid 45491)
Compiled bootstrap-alert.js  (0ms)  (pid 45491)
Compiled bootstrap-button.js  (0ms)  (pid 45491)
Compiled bootstrap-carousel.js  (0ms)  (pid 45491)
Compiled bootstrap-collapse.js  (0ms)  (pid 45491)
Compiled bootstrap-dropdown.js  (0ms)  (pid 45491)
Compiled bootstrap-modal.js  (0ms)  (pid 45491)
Compiled bootstrap-scrollspy.js  (0ms)  (pid 45491)
Compiled bootstrap-tab.js  (0ms)  (pid 45491)
Compiled bootstrap-tooltip.js  (0ms)  (pid 45491)
Compiled bootstrap-popover.js  (0ms)  (pid 45491)
Compiled bootstrap-typeahead.js  (0ms)  (pid 45491)
Compiled bootstrap.js  (49ms)  (pid 45491)
Compiled jquery.js  (5ms)  (pid 45491)
Compiled jquery_ujs.js  (0ms)  (pid 45491)
Compiled cursos.js  (69ms)  (pid 45491)
Compiled home.js  (69ms)  (pid 45491)
Compiled application.js  (271ms)  (pid 45491)
Compiled cursos.css  (1ms)  (pid 45491)
Compiled framework_and_overrides.css  (1954ms)  (pid 45491)
Compiled home.css  (5ms)  (pid 45491)
Compiled scaffolds.css  (8ms)  (pid 45491)
Compiled application.css  (1992ms)  (pid 45491)
